<?xml version="1.0" encoding="UTF-8"?>
<!-- Generated by org.testng.reporters.JUnitXMLReporter -->
<testsuite ignored="0" hostname="RRT-DellG3-2K24" failures="0" tests="3" name="Test" time="4.286" errors="0" timestamp="2025-02-14T11:04:32 IST">
  <testcase classname="tests.LoginPageTest" name="testLoadPage" time="0.036"/>
  <testcase classname="tests.LoginPageTest" name="testEnterCredentials" time="0.335"/>
  <testcase classname="tests.LoginPageTest" name="loginSwagLabs" time="0.567"/>
</testsuite> <!-- Test -->
