<?xml version="1.0" encoding="UTF-8"?>
<!-- Generated by org.testng.reporters.JUnitXMLReporter -->
<testsuite ignored="2" hostname="RRT-DellG3-2K24" failures="0" tests="8" name="Test" time="4.953" errors="0" timestamp="2025-02-14T14:57:23 IST">
  <testcase classname="tests.LoginPageTest" name="testLoadPage" time="0.032"/>
  <testcase classname="tests.LoginPageTest" name="testEnterCredentials" time="0.291"/>
  <testcase classname="tests.LoginPageTest" name="loginSwagLabs" time="0.575"/>
  <testcase classname="tests.HomePageTest" name="checkDropDownItems" time="0.093"/>
  <testcase classname="tests.HomePageTest" name="sortDropDownFromDataProviderOptions" time="0.083"/>
  <testcase classname="tests.HomePageTest" name="sortDropDownFromDataProviderOptions" time="0.125"/>
  <testcase classname="tests.HomePageTest" name="sortDropDownFromDataProviderOptions" time="0.122"/>
  <testcase classname="tests.HomePageTest" name="sortDropDownFromDataProviderOptions" time="0.128"/>
  <testcase classname="base.TestBase" name="@BeforeTest beforeTest" time="0.0">
    <ignored/>
  </testcase> <!-- @BeforeTest beforeTest -->
  <testcase classname="base.TestBase" name="@AfterTest afterTest" time="0.0">
    <ignored/>
  </testcase> <!-- @AfterTest afterTest -->
</testsuite> <!-- Test -->
