<?xml version="1.0" encoding="UTF-8"?>
<!-- Generated by org.testng.reporters.JUnitXMLReporter -->
<testsuite ignored="2" hostname="RRT-DellG3-2K24" failures="0" tests="8" name="Test" time="7.871" errors="0" timestamp="2025-03-25T11:43:45 IST">
  <testcase classname="tests.LoginPageTest" name="testLoadPage" time="0.04"/>
  <testcase classname="tests.LoginPageTest" name="testEnterCredentials" time="0.292"/>
  <testcase classname="tests.LoginPageTest" name="loginSwagLabs" time="0.613"/>
  <testcase classname="tests.HomePageTest" name="checkDropDownItems" time="0.085"/>
  <testcase classname="tests.HomePageTest" name="sortDropDownFromDataProviderOptions" time="0.083"/>
  <testcase classname="tests.HomePageTest" name="sortDropDownFromDataProviderOptions" time="0.132"/>
  <testcase classname="tests.HomePageTest" name="sortDropDownFromDataProviderOptions" time="0.106"/>
  <testcase classname="tests.HomePageTest" name="sortDropDownFromDataProviderOptions" time="0.114"/>
  <testcase classname="base.TestBase" name="@AfterTest afterTest" time="0.0">
    <ignored/>
  </testcase> <!-- @AfterTest afterTest -->
  <testcase classname="base.TestBase" name="@BeforeTest beforeTest" time="0.0">
    <ignored/>
  </testcase> <!-- @BeforeTest beforeTest -->
</testsuite> <!-- Test -->
