<?xml version="1.0" encoding="UTF-8"?>
<testng-results ignored="0" total="8" passed="8" failed="0" skipped="0">
  <reporter-output>
  </reporter-output>
  <suite started-at="2025-02-14T14:56:56 IST" name="Suite" finished-at="2025-02-14T14:57:03 IST" duration-ms="7457">
    <groups>
    </groups>
    <test started-at="2025-02-14T14:56:56 IST" name="Test" finished-at="2025-02-14T14:57:03 IST" duration-ms="7457">
      <class name="tests.HomePageTest">
        <test-method signature="checkDropDownItems(java.lang.String)[pri:1, instance:tests.HomePageTest@368f2016]" started-at="2025-02-14T14:57:03 IST" name="checkDropDownItems" finished-at="2025-02-14T14:57:03 IST" duration-ms="84" status="PASS">
          <params>
            <param index="0">
              <value>
                <![CDATA[4]]>
              </value>
            </param>
          </params>
          <reporter-output>
          </reporter-output>
        </test-method> <!-- checkDropDownItems -->
        <test-method signature="sortDropDownFromDataProviderOptions(java.lang.Integer)[pri:2, instance:tests.HomePageTest@368f2016]" started-at="2025-02-14T14:57:03 IST" name="sortDropDownFromDataProviderOptions" data-provider="sortOptions" finished-at="2025-02-14T14:57:03 IST" duration-ms="83" status="PASS">
          <params>
            <param index="0">
              <value>
                <![CDATA[0]]>
              </value>
            </param>
          </params>
          <reporter-output>
          </reporter-output>
        </test-method> <!-- sortDropDownFromDataProviderOptions -->
        <test-method signature="sortDropDownFromDataProviderOptions(java.lang.Integer)[pri:2, instance:tests.HomePageTest@368f2016]" started-at="2025-02-14T14:57:03 IST" name="sortDropDownFromDataProviderOptions" data-provider="sortOptions" finished-at="2025-02-14T14:57:03 IST" duration-ms="124" status="PASS">
          <params>
            <param index="0">
              <value>
                <![CDATA[1]]>
              </value>
            </param>
          </params>
          <reporter-output>
          </reporter-output>
        </test-method> <!-- sortDropDownFromDataProviderOptions -->
        <test-method signature="sortDropDownFromDataProviderOptions(java.lang.Integer)[pri:2, instance:tests.HomePageTest@368f2016]" started-at="2025-02-14T14:57:03 IST" name="sortDropDownFromDataProviderOptions" data-provider="sortOptions" finished-at="2025-02-14T14:57:03 IST" duration-ms="104" status="PASS">
          <params>
            <param index="0">
              <value>
                <![CDATA[2]]>
              </value>
            </param>
          </params>
          <reporter-output>
          </reporter-output>
        </test-method> <!-- sortDropDownFromDataProviderOptions -->
        <test-method signature="sortDropDownFromDataProviderOptions(java.lang.Integer)[pri:2, instance:tests.HomePageTest@368f2016]" started-at="2025-02-14T14:57:03 IST" name="sortDropDownFromDataProviderOptions" data-provider="sortOptions" finished-at="2025-02-14T14:57:03 IST" duration-ms="114" status="PASS">
          <params>
            <param index="0">
              <value>
                <![CDATA[3]]>
              </value>
            </param>
          </params>
          <reporter-output>
          </reporter-output>
        </test-method> <!-- sortDropDownFromDataProviderOptions -->
      </class> <!-- tests.HomePageTest -->
      <class name="tests.LoginPageTest">
        <test-method is-config="true" signature="beforeTest(java.lang.String,java.lang.String)[pri:0, instance:tests.LoginPageTest@6f1de4c7]" started-at="2025-02-14T14:56:56 IST" name="beforeTest" finished-at="2025-02-14T14:57:00 IST" duration-ms="3615" status="PASS">
          <params>
            <param index="0">
              <value>
                <![CDATA[Chrome]]>
              </value>
            </param>
            <param index="1">
              <value>
                <![CDATA[https://www.saucedemo.com/v1/]]>
              </value>
            </param>
          </params>
          <reporter-output>
          </reporter-output>
        </test-method> <!-- beforeTest -->
        <test-method signature="testLoadPage()[pri:1, instance:tests.LoginPageTest@6f1de4c7]" started-at="2025-02-14T14:57:00 IST" name="testLoadPage" finished-at="2025-02-14T14:57:00 IST" duration-ms="33" status="PASS">
          <reporter-output>
          </reporter-output>
        </test-method> <!-- testLoadPage -->
        <test-method signature="testEnterCredentials(java.lang.String,java.lang.String)[pri:2, instance:tests.LoginPageTest@6f1de4c7]" started-at="2025-02-14T14:57:00 IST" name="testEnterCredentials" finished-at="2025-02-14T14:57:00 IST" duration-ms="392" status="PASS">
          <params>
            <param index="0">
              <value>
                <![CDATA[standard_user]]>
              </value>
            </param>
            <param index="1">
              <value>
                <![CDATA[secret_sauce]]>
              </value>
            </param>
          </params>
          <reporter-output>
          </reporter-output>
        </test-method> <!-- testEnterCredentials -->
        <test-method signature="loginSwagLabs()[pri:3, instance:tests.LoginPageTest@6f1de4c7]" started-at="2025-02-14T14:57:00 IST" name="loginSwagLabs" finished-at="2025-02-14T14:57:03 IST" duration-ms="2677" status="PASS">
          <reporter-output>
          </reporter-output>
        </test-method> <!-- loginSwagLabs -->
        <test-method is-config="true" signature="afterTest()[pri:0, instance:tests.LoginPageTest@6f1de4c7]" started-at="2025-02-14T14:57:03 IST" name="afterTest" finished-at="2025-02-14T14:57:03 IST" duration-ms="165" status="PASS">
          <reporter-output>
          </reporter-output>
        </test-method> <!-- afterTest -->
      </class> <!-- tests.LoginPageTest -->
    </test> <!-- Test -->
  </suite> <!-- Suite -->
</testng-results>
